<?xml version="1.0" encoding="UTF-8"?>
<testng-results skipped="0" failed="0" ignored="0" total="1" passed="1">
  <reporter-output>
  </reporter-output>
  <suite name="Default suite" duration-ms="731" started-at="2018-07-24T04:30:14Z" finished-at="2018-07-24T04:30:15Z">
    <groups>
    </groups>
    <test name="Default test" duration-ms="731" started-at="2018-07-24T04:30:14Z" finished-at="2018-07-24T04:30:15Z">
      <class name="keywordLamda.XLSReader">
        <test-method status="PASS" signature="execute()[pri:0, instance:keywordLamda.XLSReader@ebc39e]" name="execute" duration-ms="689" started-at="2018-07-23T21:30:14Z" finished-at="2018-07-23T21:30:15Z">
          <reporter-output>
          </reporter-output>
        </test-method> <!-- execute -->
      </class> <!-- keywordLamda.XLSReader -->
    </test> <!-- Default test -->
  </suite> <!-- Default suite -->
</testng-results>
